Arguments: 
  /Users/seondev/.nvm/versions/node/v19.6.0/bin/node /usr/local/Cellar/yarn/1.22.19/libexec/bin/yarn.js init

PATH: 
  /Users/seondev/.nvm/versions/node/v19.6.0/bin:/Users/seondev/.gem/bin:/Users/seondev/.rbenv/shims:/Users/seondev/Library/Android/sdk/platform-tools:/Users/seondev/.cargo/bin:/Users/seondev/.bun/bin:/Users/seondev/.dotnet/tools:/usr/local/bin:/usr/bin:/bin:/usr/sbin:/sbin:/usr/local/go/bin:/Users/seondev/Library/Android/sdk/emulator:/Users/seondev/Library/Android/sdk/tools:/Users/seondev/Library/Android/sdk/tools/bin:/Users/seondev/.fig/bin:/Users/seondev/.local/bin

Yarn version: 
  1.22.19

Node version: 
  19.6.0

Platform: 
  darwin x64

Trace: 
  Error: canceled
      at Interface.<anonymous> (/usr/local/Cellar/yarn/1.22.19/libexec/lib/cli.js:137150:13)
      at Interface.emit (node:events:512:28)
      at [_ttyWrite] [as _ttyWrite] (node:internal/readline/interface:1132:18)
      at ReadStream.onkeypress (node:internal/readline/interface:271:20)
      at ReadStream.emit (node:events:512:28)
      at emitKeys (node:internal/readline/utils:357:14)
      at emitKeys.next (<anonymous>)
      at ReadStream.onData (node:internal/readline/emitKeypressEvents:64:36)
      at ReadStream.emit (node:events:512:28)
      at addChunk (node:internal/streams/readable:324:12)

npm manifest: 
  No manifest

yarn manifest: 
  No manifest

Lockfile: 
  No lockfile
